<?xml version="1.0" encoding="UTF-8"?>
<!-- Generated by org.testng.reporters.JUnitReportReporter -->
<testsuite skipped="0" hostname="LAPTOP-9IFD2125" name="com.test.Tc_Login" tests="1" failures="0" timestamp="2022-06-18T19:56:07 IST" time="22.532" errors="0">
  <testcase name="loginTest" time="22.532" classname="com.test.Tc_Login"/>
  <system-out/>
</testsuite> <!-- com.test.Tc_Login -->
