<?xml version="1.0" encoding="UTF-8"?>
<!-- Generated by org.testng.reporters.JUnitReportReporter -->
<testsuite skipped="0" hostname="LAPTOP-9IFD2125" name="com.test.AppTest" tests="2" failures="0" timestamp="2022-05-19T22:49:10 IST" time="0.008" errors="0">
  <testcase name="Login2" time="0.001" classname="com.test.AppTest"/>
  <system-out/>
  <testcase name="Login1" time="0.007" classname="com.test.AppTest"/>
  <system-out/>
</testsuite> <!-- com.test.AppTest -->
