<?xml version="1.0" encoding="UTF-8"?>
<!-- Generated by org.testng.reporters.JUnitReportReporter -->
<testsuite skipped="0" hostname="LAPTOP-9IFD2125" name="com.test.AppTest" tests="2" failures="0" timestamp="2022-06-02T14:38:19 IST" time="0.017" errors="0">
  <testcase name="Login1" time="0.015" classname="com.test.AppTest"/>
  <system-out/>
  <testcase name="Login2" time="0.002" classname="com.test.AppTest"/>
  <system-out/>
</testsuite> <!-- com.test.AppTest -->
